2022-11-14 20:45:05 INFO::Writing function arguments to log file
2022-11-14 20:45:05 DEBUG::Function arguments
2022-11-14 20:45:05 DEBUG::Output folder: Zymo_2.0/Wk4_2groups_stool_L6_Maaslin2_Collection_Diet_1-MouseID
2022-11-14 20:45:05 DEBUG::Min Abundance: 0.000000
2022-11-14 20:45:05 DEBUG::Min Prevalence: 0.273000
2022-11-14 20:45:05 DEBUG::Normalization: TSS
2022-11-14 20:45:05 DEBUG::Transform: LOG
2022-11-14 20:45:05 DEBUG::Analysis method: LM
2022-11-14 20:45:05 DEBUG::Max significance: 0.250000
2022-11-14 20:45:05 DEBUG::Random effects: MouseID
2022-11-14 20:45:05 DEBUG::Fixed effects: Collection,Diet
2022-11-14 20:45:05 DEBUG::Correction method: BH
2022-11-14 20:45:05 DEBUG::Standardize: TRUE
2022-11-14 20:45:05 DEBUG::Cores: 1
2022-11-14 20:45:05 INFO::Verifying options selected are valid
2022-11-14 20:45:05 INFO::Determining format of input files
2022-11-14 20:45:05 INFO::Input format is data samples as columns and metadata samples as rows
2022-11-14 20:45:05 DEBUG::Transformed data so samples are rows
2022-11-14 20:45:05 DEBUG::A total of 11 samples were found in both the data and metadata
2022-11-14 20:45:05 DEBUG::Reordering data/metadata to use same sample ordering
2022-11-14 20:45:05 INFO::Formula for random effects: expr ~ (1 | MouseID)
2022-11-14 20:45:05 INFO::Formula for fixed effects: expr ~  Collection + Diet
2022-11-14 20:45:05 INFO::Running selected normalization method: TSS
2022-11-14 20:45:05 INFO::Filter data based on min abundance and min prevalence
2022-11-14 20:45:05 INFO::Total samples in data: 11
2022-11-14 20:45:05 INFO::Min samples required with min abundance for a feature not to be filtered: 3.003000
2022-11-14 20:45:05 INFO::Total filtered features: 21
2022-11-14 20:45:05 INFO::Filtered feature names: k__Bacteria.p__Actinobacteria.c__Actinobacteria.o__Propionibacteriales.f__Propionibacteriaceae.g__Propionibacterium, k__Bacteria.p__Actinobacteria.c__Coriobacteriia.o__Coriobacteriales.f__Coriobacteriaceae.g__Adlercreutzia.Asaccharobacter, k__Bacteria.p__Actinobacteria.c__Coriobacteriia.o__Coriobacteriales.f__Coriobacteriaceae.g__Enterorhabdus, k__Bacteria.p__Actinobacteria.c__Coriobacteriia.o__Coriobacteriales.f__Coriobacteriaceae.g__Parvibacter, k__Bacteria.p__Bacteroidetes.c__Bacteroidia.o__Bacteroidales.f__Rikenellaceae.g__Alistipes, k__Bacteria.p__Firmicutes.c__Bacilli.o__Bacillales.f__Staphylococcaceae.g__Staphylococcus, k__Bacteria.p__Firmicutes.c__Bacilli.o__Lactobacillales.f__Lactobacillaceae.g__Lactobacillus, k__Bacteria.p__Firmicutes.c__Clostridia.o__Clostridiales.f__Lachnospiraceae.g__Acetatifactor, k__Bacteria.p__Firmicutes.c__Clostridia.o__Clostridiales.f__Lachnospiraceae.g__Roseburia, k__Bacteria.p__Firmicutes.c__Clostridia.o__Clostridiales.f__Peptostreptococcaceae.g__Paeniclostridium, k__Bacteria.p__Firmicutes.c__Clostridia.o__Clostridiales.f__Peptostreptococcaceae.g__Romboutsia, k__Bacteria.p__Firmicutes.c__Clostridia.o__Clostridiales.f__Ruminococcaceae.g__Oscillibacter, k__Bacteria.p__Firmicutes.c__Erysipelotrichia.o__Erysipelotrichales.f__Erysipelotrichaceae.g__NA, k__Bacteria.p__Firmicutes.c__Erysipelotrichia.o__Erysipelotrichales.f__Erysipelotrichaceae.g__Turicibacter, k__Bacteria.p__Proteobacteria.c__Alphaproteobacteria.o__Rhodospirillales.f__Rhodospirillaceae.g__Thalassospira, k__Bacteria.p__Proteobacteria.c__Betaproteobacteria.o__Neisseriales.f__Neisseriaceae.g__NA, k__Bacteria.p__Proteobacteria.c__Gammaproteobacteria.o__Enterobacteriales.f__Enterobacteriaceae.g__Enterobacter, k__Bacteria.p__Proteobacteria.c__Gammaproteobacteria.o__Enterobacteriales.f__Enterobacteriaceae.g__Raoultella, k__Bacteria.p__Proteobacteria.c__Gammaproteobacteria.o__Vibrionales.f__Vibrionaceae.g__Vibrio, k__Bacteria.p__Tenericutes.c__Mollicutes.o__Anaeroplasmatales.f__Anaeroplasmataceae.g__Anaeroplasma, k__Bacteria.p__Tenericutes.c__Mollicutes.o__NA.f__NA.g__NA
2022-11-14 20:45:05 INFO::Applying z-score to standardize continuous metadata
2022-11-14 20:45:05 INFO::Running selected transform method: LOG
2022-11-14 20:45:05 INFO::Running selected analysis method: LM
2022-11-14 20:45:05 INFO::Fitting model to feature number 1, k__Bacteria.p__Actinobacteria.c__Coriobacteriia.o__Coriobacteriales.f__Coriobacteriaceae.g__NA
2022-11-14 20:45:05 WARNING::Fitting problem for feature 1 returning NA
2022-11-14 20:45:05 INFO::Fitting model to feature number 2, k__Bacteria.p__Bacteroidetes.c__Bacteroidia.o__Bacteroidales.f__Bacteroidaceae.g__Bacteroides
2022-11-14 20:45:05 WARNING::Fitting problem for feature 2 returning NA
2022-11-14 20:45:05 INFO::Fitting model to feature number 3, k__Bacteria.p__Bacteroidetes.c__Bacteroidia.o__Bacteroidales.f__NA.g__NA
2022-11-14 20:45:05 WARNING::Fitting problem for feature 3 returning NA
2022-11-14 20:45:05 INFO::Fitting model to feature number 4, k__Bacteria.p__Firmicutes.c__Bacilli.o__Lactobacillales.f__Enterococcaceae.g__Enterococcus
2022-11-14 20:45:05 WARNING::Fitting problem for feature 4 returning NA
2022-11-14 20:45:05 INFO::Fitting model to feature number 5, k__Bacteria.p__Firmicutes.c__Bacilli.o__Lactobacillales.f__Streptococcaceae.g__Streptococcus
2022-11-14 20:45:06 WARNING::Fitting problem for feature 5 returning NA
2022-11-14 20:45:06 INFO::Fitting model to feature number 6, k__Bacteria.p__Firmicutes.c__Clostridia.o__Clostridiales.f__Clostridiaceae.g__Clostridium
2022-11-14 20:45:06 WARNING::Fitting problem for feature 6 returning NA
2022-11-14 20:45:06 INFO::Fitting model to feature number 7, k__Bacteria.p__Firmicutes.c__Clostridia.o__Clostridiales.f__Family.XIII.g__NA
2022-11-14 20:45:06 WARNING::Fitting problem for feature 7 returning NA
2022-11-14 20:45:06 INFO::Fitting model to feature number 8, k__Bacteria.p__Firmicutes.c__Clostridia.o__Clostridiales.f__Lachnospiraceae.g__Anaerostipes
2022-11-14 20:45:06 WARNING::Fitting problem for feature 8 returning NA
2022-11-14 20:45:06 INFO::Fitting model to feature number 9, k__Bacteria.p__Firmicutes.c__Clostridia.o__Clostridiales.f__Lachnospiraceae.g__Blautia
2022-11-14 20:45:06 WARNING::Fitting problem for feature 9 returning NA
2022-11-14 20:45:06 INFO::Fitting model to feature number 10, k__Bacteria.p__Firmicutes.c__Clostridia.o__Clostridiales.f__Lachnospiraceae.g__Lachnoclostridium
2022-11-14 20:45:06 WARNING::Fitting problem for feature 10 returning NA
2022-11-14 20:45:06 INFO::Fitting model to feature number 11, k__Bacteria.p__Firmicutes.c__Clostridia.o__Clostridiales.f__Lachnospiraceae.g__Marvinbryantia
2022-11-14 20:45:06 WARNING::Fitting problem for feature 11 returning NA
2022-11-14 20:45:06 INFO::Fitting model to feature number 12, k__Bacteria.p__Firmicutes.c__Clostridia.o__Clostridiales.f__Lachnospiraceae.g__NA
2022-11-14 20:45:06 WARNING::Fitting problem for feature 12 returning NA
2022-11-14 20:45:06 INFO::Fitting model to feature number 13, k__Bacteria.p__Firmicutes.c__Clostridia.o__Clostridiales.f__Lachnospiraceae.g__Robinsoniella
2022-11-14 20:45:06 WARNING::Fitting problem for feature 13 returning NA
2022-11-14 20:45:06 INFO::Fitting model to feature number 14, k__Bacteria.p__Firmicutes.c__Clostridia.o__Clostridiales.f__Lachnospiraceae.g__Tyzzerella
2022-11-14 20:45:06 WARNING::Fitting problem for feature 14 returning NA
2022-11-14 20:45:06 INFO::Fitting model to feature number 15, k__Bacteria.p__Firmicutes.c__Clostridia.o__Clostridiales.f__NA.g__NA
2022-11-14 20:45:06 WARNING::Fitting problem for feature 15 returning NA
2022-11-14 20:45:06 INFO::Fitting model to feature number 16, k__Bacteria.p__Firmicutes.c__Clostridia.o__Clostridiales.f__Ruminococcaceae.g__Anaerotruncus
2022-11-14 20:45:06 WARNING::Fitting problem for feature 16 returning NA
2022-11-14 20:45:06 INFO::Fitting model to feature number 17, k__Bacteria.p__Firmicutes.c__Clostridia.o__Clostridiales.f__Ruminococcaceae.g__NA
2022-11-14 20:45:06 WARNING::Fitting problem for feature 17 returning NA
2022-11-14 20:45:06 INFO::Fitting model to feature number 18, k__Bacteria.p__Firmicutes.c__Clostridia.o__Clostridiales.f__Ruminococcaceae.g__Ruminiclostridium
2022-11-14 20:45:06 WARNING::Fitting problem for feature 18 returning NA
2022-11-14 20:45:06 INFO::Fitting model to feature number 19, k__Bacteria.p__Firmicutes.c__Erysipelotrichia.o__Erysipelotrichales.f__Erysipelotrichaceae.g__Allobaculum
2022-11-14 20:45:06 WARNING::Fitting problem for feature 19 returning NA
2022-11-14 20:45:06 INFO::Fitting model to feature number 20, k__Bacteria.p__Firmicutes.c__Erysipelotrichia.o__Erysipelotrichales.f__Erysipelotrichaceae.g__Erysipelatoclostridium
2022-11-14 20:45:06 WARNING::Fitting problem for feature 20 returning NA
2022-11-14 20:45:06 INFO::Fitting model to feature number 21, k__Bacteria.p__Proteobacteria.c__Betaproteobacteria.o__Burkholderiales.f__Alcaligenaceae.g__Parasutterella
2022-11-14 20:45:06 WARNING::Fitting problem for feature 21 returning NA
2022-11-14 20:45:06 INFO::Fitting model to feature number 22, k__Bacteria.p__Verrucomicrobia.c__Verrucomicrobiae.o__Verrucomicrobiales.f__Verrucomicrobiaceae.g__Akkermansia
2022-11-14 20:45:06 WARNING::Fitting problem for feature 22 returning NA
2022-11-14 20:45:06 INFO::Counting total values for each feature
2022-11-14 20:45:06 INFO::Writing residuals to file Zymo_2.0/Wk4_2groups_stool_L6_Maaslin2_Collection_Diet_1-MouseID/residuals.rds
2022-11-14 20:45:06 INFO::Writing all results to file (ordered by increasing q-values): Zymo_2.0/Wk4_2groups_stool_L6_Maaslin2_Collection_Diet_1-MouseID/all_results.tsv
2022-11-14 20:45:06 INFO::Writing the significant results (those which are less than or equal to the threshold of 0.250000 ) to file (ordered by increasing q-values): Zymo_2.0/Wk4_2groups_stool_L6_Maaslin2_Collection_Diet_1-MouseID/significant_results.tsv
