2022-10-19 11:02:38 INFO::Writing function arguments to log file
2022-10-19 11:02:38 DEBUG::Function arguments
2022-10-19 11:02:38 DEBUG::Output folder: UCLA/SI_adherent_L6_Maaslin2_Sex_Diet
2022-10-19 11:02:38 DEBUG::Min Abundance: 0.000000
2022-10-19 11:02:38 DEBUG::Min Prevalence: 0.187500
2022-10-19 11:02:38 DEBUG::Normalization: TSS
2022-10-19 11:02:38 DEBUG::Transform: LOG
2022-10-19 11:02:38 DEBUG::Analysis method: LM
2022-10-19 11:02:38 DEBUG::Max significance: 0.250000
2022-10-19 11:02:38 DEBUG::Random effects:
2022-10-19 11:02:38 DEBUG::Fixed effects: Sex,Diet
2022-10-19 11:02:38 DEBUG::Correction method: BH
2022-10-19 11:02:38 DEBUG::Standardize: TRUE
2022-10-19 11:02:38 DEBUG::Cores: 1
2022-10-19 11:02:38 INFO::Verifying options selected are valid
2022-10-19 11:02:38 INFO::Determining format of input files
2022-10-19 11:02:38 INFO::Input format is data samples as columns and metadata samples as rows
2022-10-19 11:02:38 DEBUG::Transformed data so samples are rows
2022-10-19 11:02:38 DEBUG::A total of 17 samples were found in both the data and metadata
2022-10-19 11:02:38 DEBUG::Reordering data/metadata to use same sample ordering
2022-10-19 11:02:38 INFO::Formula for fixed effects: expr ~  Sex + Diet
2022-10-19 11:02:38 INFO::Running selected normalization method: TSS
2022-10-19 11:02:38 INFO::Filter data based on min abundance and min prevalence
2022-10-19 11:02:38 INFO::Total samples in data: 17
2022-10-19 11:02:38 INFO::Min samples required with min abundance for a feature not to be filtered: 3.187500
2022-10-19 11:02:38 INFO::Total filtered features: 27
2022-10-19 11:02:38 INFO::Filtered feature names: k__.p__.c__.o__.f__.g__, k__Bacteria.p__.c__.o__.f__.g__, k__Bacteria.p__Actinobacteria.c__Actinobacteria.o__Bifidobacteriales.f__Bifidobacteriaceae.g__Bifidobacterium, k__Bacteria.p__Actinobacteria.c__Actinobacteria.o__Corynebacteriales.f__Corynebacteriaceae.g__Corynebacterium, k__Bacteria.p__Actinobacteria.c__Actinobacteria.o__Micrococcales.f__Micrococcaceae.g__Rothia, k__Bacteria.p__Actinobacteria.c__Coriobacteriia.o__Coriobacteriales.f__Eggerthellaceae.g__, k__Bacteria.p__Cyanobacteria.c__Oxyphotobacteria.o__Chloroplast.f__.g__, k__Bacteria.p__Deinococcus.Thermus.c__Deinococci.o__Thermales.f__Thermaceae.g__Thermus, k__Bacteria.p__Epsilonbacteraeota.c__Campylobacteria.o__Campylobacterales.f__Helicobacteraceae.g__Helicobacter, k__Bacteria.p__Firmicutes.c__Bacilli.o__Bacillales.f__Bacillaceae.g__Bacillus, k__Bacteria.p__Firmicutes.c__Bacilli.o__Lactobacillales.f__.g__, k__Bacteria.p__Firmicutes.c__Clostridia.o__Clostridiales.f__Family_XI.g__Anaerococcus, k__Bacteria.p__Firmicutes.c__Clostridia.o__Clostridiales.f__Lachnospiraceae.g__Lachnospiraceae_NK4A136_group, k__Bacteria.p__Firmicutes.c__Clostridia.o__Clostridiales.f__Ruminococcaceae.g__, k__Bacteria.p__Firmicutes.c__Clostridia.o__Clostridiales.f__Ruminococcaceae.g__GCA.900066225, k__Bacteria.p__Firmicutes.c__Clostridia.o__Clostridiales.f__Ruminococcaceae.g__Ruminiclostridium_9, k__Bacteria.p__Firmicutes.c__Erysipelotrichia.o__Erysipelotrichales.f__Erysipelotrichaceae.g__Ileibacterium, k__Bacteria.p__Proteobacteria.c__Alphaproteobacteria.o__Azospirillales.f__Azospirillaceae.g__Nitrospirillum, k__Bacteria.p__Proteobacteria.c__Alphaproteobacteria.o__Rhizobiales.f__Beijerinckiaceae.g__Methylobacterium, k__Bacteria.p__Proteobacteria.c__Alphaproteobacteria.o__Rhizobiales.f__Xanthobacteraceae.g__Bradyrhizobium, k__Bacteria.p__Proteobacteria.c__Alphaproteobacteria.o__Rickettsiales.f__Mitochondria.g__, k__Bacteria.p__Proteobacteria.c__Gammaproteobacteria.o__Betaproteobacteriales.f__Burkholderiaceae.g__Lautropia, k__Bacteria.p__Proteobacteria.c__Gammaproteobacteria.o__Betaproteobacteriales.f__Burkholderiaceae.g__Ralstonia, k__Bacteria.p__Proteobacteria.c__Gammaproteobacteria.o__Oceanospirillales.f__Halomonadaceae.g__Halomonas, k__Bacteria.p__Proteobacteria.c__Gammaproteobacteria.o__Pseudomonadales.f__Moraxellaceae.g__Acinetobacter, k__Bacteria.p__Proteobacteria.c__Gammaproteobacteria.o__Pseudomonadales.f__Moraxellaceae.g__Enhydrobacter, k__Bacteria.p__Proteobacteria.c__Gammaproteobacteria.o__Pseudomonadales.f__Pseudomonadaceae.g__Pseudomonas
2022-10-19 11:02:38 INFO::Applying z-score to standardize continuous metadata
2022-10-19 11:02:38 INFO::Running selected transform method: LOG
2022-10-19 11:02:38 INFO::Running selected analysis method: LM
2022-10-19 11:02:38 INFO::Fitting model to feature number 1, k__Bacteria.p__Actinobacteria.c__Coriobacteriia.o__Coriobacteriales.f__Atopobiaceae.g__Coriobacteriaceae_UCG.002
2022-10-19 11:02:38 INFO::Fitting model to feature number 2, k__Bacteria.p__Actinobacteria.c__Coriobacteriia.o__Coriobacteriales.f__Atopobiaceae.g__Olsenella
2022-10-19 11:02:38 INFO::Fitting model to feature number 3, k__Bacteria.p__Actinobacteria.c__Coriobacteriia.o__Coriobacteriales.f__Eggerthellaceae.g__Enterorhabdus
2022-10-19 11:02:38 INFO::Fitting model to feature number 4, k__Bacteria.p__Bacteroidetes.c__Bacteroidia.o__Bacteroidales.f__Bacteroidaceae.g__Bacteroides
2022-10-19 11:02:38 INFO::Fitting model to feature number 5, k__Bacteria.p__Bacteroidetes.c__Bacteroidia.o__Bacteroidales.f__Muribaculaceae.g__
2022-10-19 11:02:38 INFO::Fitting model to feature number 6, k__Bacteria.p__Bacteroidetes.c__Bacteroidia.o__Bacteroidales.f__Rikenellaceae.g__Rikenellaceae_RC9_gut_group
2022-10-19 11:02:38 INFO::Fitting model to feature number 7, k__Bacteria.p__Bacteroidetes.c__Bacteroidia.o__Bacteroidales.f__Tannerellaceae.g__Parabacteroides
2022-10-19 11:02:38 INFO::Fitting model to feature number 8, k__Bacteria.p__Firmicutes.c__Bacilli.o__Bacillales.f__Staphylococcaceae.g__Staphylococcus
2022-10-19 11:02:38 INFO::Fitting model to feature number 9, k__Bacteria.p__Firmicutes.c__Bacilli.o__Lactobacillales.f__Enterococcaceae.g__Enterococcus
2022-10-19 11:02:38 INFO::Fitting model to feature number 10, k__Bacteria.p__Firmicutes.c__Bacilli.o__Lactobacillales.f__Lactobacillaceae.g__Lactobacillus
2022-10-19 11:02:38 INFO::Fitting model to feature number 11, k__Bacteria.p__Firmicutes.c__Bacilli.o__Lactobacillales.f__Streptococcaceae.g__Streptococcus
2022-10-19 11:02:38 INFO::Fitting model to feature number 12, k__Bacteria.p__Firmicutes.c__Clostridia.o__Clostridiales.f__Christensenellaceae.g__Catabacter
2022-10-19 11:02:38 INFO::Fitting model to feature number 13, k__Bacteria.p__Firmicutes.c__Clostridia.o__Clostridiales.f__Clostridiaceae_1.g__Clostridium_sensu_stricto_1
2022-10-19 11:02:38 INFO::Fitting model to feature number 14, k__Bacteria.p__Firmicutes.c__Clostridia.o__Clostridiales.f__Clostridiaceae_1.g__Clostridium_sensu_stricto_18
2022-10-19 11:02:38 INFO::Fitting model to feature number 15, k__Bacteria.p__Firmicutes.c__Clostridia.o__Clostridiales.f__Family_XIII.g__
2022-10-19 11:02:38 INFO::Fitting model to feature number 16, k__Bacteria.p__Firmicutes.c__Clostridia.o__Clostridiales.f__Lachnospiraceae.g__
2022-10-19 11:02:38 INFO::Fitting model to feature number 17, k__Bacteria.p__Firmicutes.c__Clostridia.o__Clostridiales.f__Lachnospiraceae.g__Anaerostipes
2022-10-19 11:02:38 INFO::Fitting model to feature number 18, k__Bacteria.p__Firmicutes.c__Clostridia.o__Clostridiales.f__Lachnospiraceae.g__Blautia
2022-10-19 11:02:38 INFO::Fitting model to feature number 19, k__Bacteria.p__Firmicutes.c__Clostridia.o__Clostridiales.f__Lachnospiraceae.g__Lachnoclostridium
2022-10-19 11:02:38 INFO::Fitting model to feature number 20, k__Bacteria.p__Firmicutes.c__Clostridia.o__Clostridiales.f__Lachnospiraceae.g__Lachnospiraceae_UCG.004
2022-10-19 11:02:38 INFO::Fitting model to feature number 21, k__Bacteria.p__Firmicutes.c__Clostridia.o__Clostridiales.f__Lachnospiraceae.g__Lachnospiraceae_UCG.006
2022-10-19 11:02:38 INFO::Fitting model to feature number 22, k__Bacteria.p__Firmicutes.c__Clostridia.o__Clostridiales.f__Lachnospiraceae.g__Robinsoniella
2022-10-19 11:02:38 INFO::Fitting model to feature number 23, k__Bacteria.p__Firmicutes.c__Clostridia.o__Clostridiales.f__Peptostreptococcaceae.g__Romboutsia
2022-10-19 11:02:38 INFO::Fitting model to feature number 24, k__Bacteria.p__Firmicutes.c__Clostridia.o__Clostridiales.f__Ruminococcaceae.g__Anaerotruncus
2022-10-19 11:02:38 INFO::Fitting model to feature number 25, k__Bacteria.p__Firmicutes.c__Clostridia.o__Clostridiales.f__Ruminococcaceae.g__Caproiciproducens
2022-10-19 11:02:38 INFO::Fitting model to feature number 26, k__Bacteria.p__Firmicutes.c__Clostridia.o__Clostridiales.f__Ruminococcaceae.g__Ruminiclostridium_5
2022-10-19 11:02:38 INFO::Fitting model to feature number 27, k__Bacteria.p__Firmicutes.c__Erysipelotrichia.o__Erysipelotrichales.f__Erysipelotrichaceae.g__
2022-10-19 11:02:38 INFO::Fitting model to feature number 28, k__Bacteria.p__Firmicutes.c__Erysipelotrichia.o__Erysipelotrichales.f__Erysipelotrichaceae.g__Dubosiella
2022-10-19 11:02:38 INFO::Fitting model to feature number 29, k__Bacteria.p__Firmicutes.c__Erysipelotrichia.o__Erysipelotrichales.f__Erysipelotrichaceae.g__Erysipelatoclostridium
2022-10-19 11:02:38 INFO::Fitting model to feature number 30, k__Bacteria.p__Firmicutes.c__Erysipelotrichia.o__Erysipelotrichales.f__Erysipelotrichaceae.g__Faecalibaculum
2022-10-19 11:02:38 INFO::Fitting model to feature number 31, k__Bacteria.p__Firmicutes.c__Erysipelotrichia.o__Erysipelotrichales.f__Erysipelotrichaceae.g__Turicibacter
2022-10-19 11:02:38 INFO::Fitting model to feature number 32, k__Bacteria.p__Proteobacteria.c__Alphaproteobacteria.o__Rhodospirillales.f__.g__
2022-10-19 11:02:38 INFO::Fitting model to feature number 33, k__Bacteria.p__Proteobacteria.c__Deltaproteobacteria.o__Desulfovibrionales.f__Desulfovibrionaceae.g__Bilophila
2022-10-19 11:02:38 INFO::Fitting model to feature number 34, k__Bacteria.p__Proteobacteria.c__Deltaproteobacteria.o__Desulfovibrionales.f__Desulfovibrionaceae.g__Desulfovibrio
2022-10-19 11:02:38 INFO::Fitting model to feature number 35, k__Bacteria.p__Proteobacteria.c__Gammaproteobacteria.o__Betaproteobacteriales.f__Burkholderiaceae.g__Aquabacterium
2022-10-19 11:02:38 INFO::Fitting model to feature number 36, k__Bacteria.p__Proteobacteria.c__Gammaproteobacteria.o__Betaproteobacteriales.f__Burkholderiaceae.g__Burkholderia.Caballeronia.Paraburkholderia
2022-10-19 11:02:38 INFO::Fitting model to feature number 37, k__Bacteria.p__Proteobacteria.c__Gammaproteobacteria.o__Betaproteobacteriales.f__Burkholderiaceae.g__Parasutterella
2022-10-19 11:02:38 INFO::Fitting model to feature number 38, k__Bacteria.p__Proteobacteria.c__Gammaproteobacteria.o__Enterobacteriales.f__Enterobacteriaceae.g__
2022-10-19 11:02:38 INFO::Fitting model to feature number 39, k__Bacteria.p__Proteobacteria.c__Gammaproteobacteria.o__Enterobacteriales.f__Enterobacteriaceae.g__Klebsiella
2022-10-19 11:02:38 INFO::Fitting model to feature number 40, k__Bacteria.p__Verrucomicrobia.c__Verrucomicrobiae.o__Verrucomicrobiales.f__Akkermansiaceae.g__Akkermansia
2022-10-19 11:02:38 INFO::Fitting model to feature number 41, k__Eukaryota.p__.c__.o__.f__.g__
2022-10-19 11:02:38 INFO::Counting total values for each feature
2022-10-19 11:02:38 WARNING::Deleting existing residuals file: UCLA/SI_adherent_L6_Maaslin2_Sex_Diet/residuals.rds
2022-10-19 11:02:38 INFO::Writing residuals to file UCLA/SI_adherent_L6_Maaslin2_Sex_Diet/residuals.rds
2022-10-19 11:02:38 INFO::Writing all results to file (ordered by increasing q-values): UCLA/SI_adherent_L6_Maaslin2_Sex_Diet/all_results.tsv
2022-10-19 11:02:38 INFO::Writing the significant results (those which are less than or equal to the threshold of 0.250000 ) to file (ordered by increasing q-values): UCLA/SI_adherent_L6_Maaslin2_Sex_Diet/significant_results.tsv
